<?xml version="1.0" encoding="UTF-8"?>
<testng-results skipped="0" failed="0" ignored="0" total="4" passed="4">
  <reporter-output>
  </reporter-output>
  <suite name="Default suite" duration-ms="62" started-at="2018-09-16T15:43:43Z" finished-at="2018-09-16T15:43:43Z">
    <groups>
    </groups>
    <test name="Default test" duration-ms="62" started-at="2018-09-16T15:43:43Z" finished-at="2018-09-16T15:43:43Z">
      <class name="day8.TestNGTesting">
        <test-method status="PASS" signature="testcase1()[pri:-1, instance:day8.TestNGTesting@1d29cf23]" name="testcase1" duration-ms="13" started-at="2018-09-16T15:43:43Z" finished-at="2018-09-16T15:43:43Z">
          <reporter-output>
          </reporter-output>
        </test-method> <!-- testcase1 -->
        <test-method status="PASS" signature="testcase4()[pri:-1, instance:day8.TestNGTesting@1d29cf23]" name="testcase4" duration-ms="3" started-at="2018-09-16T15:43:43Z" finished-at="2018-09-16T15:43:43Z">
          <reporter-output>
          </reporter-output>
        </test-method> <!-- testcase4 -->
        <test-method status="PASS" signature="testcase3()[pri:0, instance:day8.TestNGTesting@1d29cf23]" name="testcase3" duration-ms="2" started-at="2018-09-16T15:43:43Z" finished-at="2018-09-16T15:43:43Z">
          <reporter-output>
          </reporter-output>
        </test-method> <!-- testcase3 -->
        <test-method status="PASS" signature="testcase2()[pri:1, instance:day8.TestNGTesting@1d29cf23]" name="testcase2" duration-ms="2" started-at="2018-09-16T15:43:43Z" finished-at="2018-09-16T15:43:43Z">
          <reporter-output>
          </reporter-output>
        </test-method> <!-- testcase2 -->
      </class> <!-- day8.TestNGTesting -->
    </test> <!-- Default test -->
  </suite> <!-- Default suite -->
</testng-results>
